<?xml version="1.0" encoding="UTF-8"?>
<!-- Generated by org.testng.reporters.JUnitXMLReporter -->
<testsuite hostname="miaoyan" name="TestHomeScreen" tests="7" failures="1" timestamp="22 Dec 2015 07:08:15 GMT" time="203.176" errors="0">
  <testcase name="testAskClick" time="23.749" classname="com.csdn.iteye.TestHomeScreen"/>
  <testcase name="testBlogClick" time="23.196" classname="com.csdn.iteye.TestHomeScreen"/>
  <testcase name="testColumnClick" time="24.299" classname="com.csdn.iteye.TestHomeScreen"/>
  <testcase name="testEssenceClick" time="23.522" classname="com.csdn.iteye.TestHomeScreen"/>
  <testcase name="testForumClick" time="22.757" classname="com.csdn.iteye.TestHomeScreen">
    <failure type="java.lang.AssertionError" message="expected [true] but found [false]">
      <![CDATA[java.lang.AssertionError: expected [true] but found [false]
	at com.csdn.iteye.TestHomeScreen.testForumClick(TestHomeScreen.java:49)
... Removed 27 stack frames]]>
    </failure>
  </testcase> <!-- testForumClick -->
  <testcase name="testGroupClick" time="22.642" classname="com.csdn.iteye.TestHomeScreen"/>
  <testcase name="testNewsClick" time="23.516" classname="com.csdn.iteye.TestHomeScreen"/>
</testsuite> <!-- TestHomeScreen -->
